#
# There is insufficient memory for the Java Runtime Environment to continue.
# Native memory allocation (malloc) failed to allocate 1048576 bytes for AllocateHeap
# Possible reasons:
#   The system is out of physical RAM or swap space
#   The process is running with CompressedOops enabled, and the Java Heap may be blocking the growth of the native heap
# Possible solutions:
#   Reduce memory load on the system
#   Increase physical memory or swap space
#   Check if swap backing store is full
#   Decrease Java heap size (-Xmx/-Xms)
#   Decrease number of Java threads
#   Decrease Java thread stack sizes (-Xss)
#   Set larger code cache with -XX:ReservedCodeCacheSize=
#   JVM is running with Unscaled Compressed Oops mode in which the Java heap is
#     placed in the first 4GB address space. The Java Heap base address is the
#     maximum limit for the native heap growth. Please use -XX:HeapBaseMinAddress
#     to set the Java Heap base and to place the Java Heap above 4GB virtual address.
# This output file may be truncated or incomplete.
#
#  Out of Memory Error (allocation.cpp:44), pid=83524, tid=84112
#
# JRE version: OpenJDK Runtime Environment Temurin-17.0.10+7 (17.0.10+7) (build 17.0.10+7)
# Java VM: OpenJDK 64-Bit Server VM Temurin-17.0.10+7 (17.0.10+7, mixed mode, emulated-client, tiered, compressed oops, compressed class ptrs, g1 gc, windows-amd64)
# No core dump will be written. Minidumps are not enabled by default on client versions of Windows
#

---------------  S U M M A R Y ------------

Command Line: -XX:+HeapDumpOnOutOfMemoryError -Xmx1024m -Dsts.lsp.client=vscode -Dsts.log.file=/dev/null -XX:TieredStopAtLevel=1 -Xlog:jni+resolve=off -Dspring.config.location=file:c:\Users\tasha\.vscode\extensions\vmware.vscode-spring-boot-1.53.0\language-server\BOOT-INF\classes\application.properties org.springframework.ide.vscode.boot.app.BootLanguageServerBootApp

Host: AMD Ryzen 5 3500U with Radeon Vega Mobile Gfx  , 8 cores, 5G,  Windows 11 , 64 bit Build 22621 (10.0.22621.3374)
Time: Thu Apr  4 12:04:48 2024 FLE Daylight Time elapsed time: 92238.419891 seconds (1d 1h 37m 18s)

---------------  T H R E A D  ---------------

Current thread (0x0000023269d666f0):  VMThread "VM Thread" [stack: 0x00000083dc500000,0x00000083dc600000] [id=84112]

Stack: [0x00000083dc500000,0x00000083dc600000]
Native frames: (J=compiled Java code, j=interpreted, Vv=VM code, C=native code)
V  [jvm.dll+0x67d2c9]
V  [jvm.dll+0x834afa]
V  [jvm.dll+0x8365be]
V  [jvm.dll+0x836c23]
V  [jvm.dll+0x2477ff]
V  [jvm.dll+0xa6c93]
V  [jvm.dll+0x2f8663]
V  [jvm.dll+0x2f42e0]
V  [jvm.dll+0x2dc8c7]
V  [jvm.dll+0x31fb87]
V  [jvm.dll+0x83b11b]
V  [jvm.dll+0x83be61]
V  [jvm.dll+0x83c37d]
V  [jvm.dll+0x83c754]
V  [jvm.dll+0x83c820]
V  [jvm.dll+0x7e3fba]
V  [jvm.dll+0x67c1b5]
C  [ucrtbase.dll+0x29333]
C  [KERNEL32.DLL+0x1257d]
C  [ntdll.dll+0x5aa48]

VM_Operation (0x00000083ddcfebd0): G1CollectFull, mode: safepoint, requested by thread 0x000002326f849430


---------------  P R O C E S S  ---------------

Threads class SMR info:
_java_thread_list=0x000002327007de80, length=27, elements={
0x0000023269d7c370, 0x0000023269d7e110, 0x000002326e008490, 0x000002326e009f70,
0x000002326e00c850, 0x000002326e00d120, 0x000002326e00fab0, 0x0000023269da47e0,
0x000002326e205b30, 0x000002326e20d2b0, 0x000002326ebe9280, 0x000002326f849430,
0x000002326f8b7020, 0x000002325ef5a810, 0x000002326f914e70, 0x000002326f9696f0,
0x000002326f7d7fd0, 0x000002326f7d70a0, 0x000002326f7d75b0, 0x000002326f7d7ac0,
0x000002326f8f8a90, 0x000002326f8fb310, 0x000002326f8fa8f0, 0x000002326f8f8070,
0x000002327042c9e0, 0x0000023270430bb0, 0x0000023270432500
}

Java Threads: ( => current thread )
  0x0000023269d7c370 JavaThread "Reference Handler" daemon [_thread_blocked, id=79292, stack(0x00000083dc600000,0x00000083dc700000)]
  0x0000023269d7e110 JavaThread "Finalizer" daemon [_thread_blocked, id=85592, stack(0x00000083dc700000,0x00000083dc800000)]
  0x000002326e008490 JavaThread "Signal Dispatcher" daemon [_thread_blocked, id=88604, stack(0x00000083dc800000,0x00000083dc900000)]
  0x000002326e009f70 JavaThread "Attach Listener" daemon [_thread_blocked, id=82576, stack(0x00000083dc900000,0x00000083dca00000)]
  0x000002326e00c850 JavaThread "Service Thread" daemon [_thread_blocked, id=79936, stack(0x00000083dca00000,0x00000083dcb00000)]
  0x000002326e00d120 JavaThread "Monitor Deflation Thread" daemon [_thread_blocked, id=85516, stack(0x00000083dcb00000,0x00000083dcc00000)]
  0x000002326e00fab0 JavaThread "C1 CompilerThread0" daemon [_thread_blocked, id=83948, stack(0x00000083dcc00000,0x00000083dcd00000)]
  0x0000023269da47e0 JavaThread "Sweeper thread" daemon [_thread_blocked, id=69292, stack(0x00000083dcd00000,0x00000083dce00000)]
  0x000002326e205b30 JavaThread "Notification Thread" daemon [_thread_blocked, id=39708, stack(0x00000083dcf00000,0x00000083dd000000)]
  0x000002326e20d2b0 JavaThread "Common-Cleaner" daemon [_thread_blocked, id=70452, stack(0x00000083dd100000,0x00000083dd200000)]
  0x000002326ebe9280 JavaThread "boundedElastic-evictor-1" daemon [_thread_blocked, id=75240, stack(0x00000083dd700000,0x00000083dd800000)]
  0x000002326f849430 JavaThread "pool-13-thread-1" [_thread_blocked, id=87124, stack(0x00000083ddc00000,0x00000083ddd00000)]
  0x000002326f8b7020 JavaThread "LanguageServerApp-lifecycle" [_thread_blocked, id=70568, stack(0x00000083ddd00000,0x00000083dde00000)]
  0x000002325ef5a810 JavaThread "DestroyJavaVM" [_thread_blocked, id=85832, stack(0x00000083dbf00000,0x00000083dc000000)]
  0x000002326f914e70 JavaThread "pool-14-thread-1" [_thread_in_native, id=79400, stack(0x00000083dde00000,0x00000083ddf00000)]
  0x000002326f9696f0 JavaThread "Simple-Language-Server main thread" daemon [_thread_blocked, id=85172, stack(0x00000083ddf00000,0x00000083de000000)]
  0x000002326f7d7fd0 JavaThread "pool-8-thread-1" [_thread_blocked, id=88532, stack(0x00000083de400000,0x00000083de500000)]
  0x000002326f7d70a0 JavaThread "parallel-1" daemon [_thread_blocked, id=85392, stack(0x00000083de500000,0x00000083de600000)]
  0x000002326f7d75b0 JavaThread "pool-6-thread-1" [_thread_blocked, id=74332, stack(0x00000083de600000,0x00000083de700000)]
  0x000002326f7d7ac0 JavaThread "parallel-2" daemon [_thread_blocked, id=88912, stack(0x00000083de700000,0x00000083de800000)]
  0x000002326f8f8a90 JavaThread "parallel-3" daemon [_thread_blocked, id=87824, stack(0x00000083de800000,0x00000083de900000)]
  0x000002326f8fb310 JavaThread "parallel-4" daemon [_thread_blocked, id=66044, stack(0x00000083de900000,0x00000083dea00000)]
  0x000002326f8fa8f0 JavaThread "parallel-5" daemon [_thread_blocked, id=31596, stack(0x00000083dea00000,0x00000083deb00000)]
  0x000002326f8f8070 JavaThread "Reconciler-1" daemon [_thread_blocked, id=88680, stack(0x00000083deb00000,0x00000083dec00000)]
  0x000002327042c9e0 JavaThread "parallel-6" daemon [_thread_blocked, id=88500, stack(0x00000083dbd00000,0x00000083dbe00000)]
  0x0000023270430bb0 JavaThread "parallel-7" daemon [_thread_blocked, id=79624, stack(0x00000083dbe00000,0x00000083dbf00000)]
  0x0000023270432500 JavaThread "parallel-8" daemon [_thread_blocked, id=77700, stack(0x00000083de100000,0x00000083de200000)]

Other Threads:
=>0x0000023269d666f0 VMThread "VM Thread" [stack: 0x00000083dc500000,0x00000083dc600000] [id=84112]
  0x000002326e208020 WatcherThread [stack: 0x00000083dd000000,0x00000083dd100000] [id=80312]
  0x000002325ef988e0 GCTaskThread "GC Thread#0" [stack: 0x00000083dc000000,0x00000083dc100000] [id=79060]
  0x000002326ee0d440 GCTaskThread "GC Thread#1" [stack: 0x00000083dd200000,0x00000083dd300000] [id=81968]
  0x000002326e0bbad0 GCTaskThread "GC Thread#2" [stack: 0x00000083dd300000,0x00000083dd400000] [id=83056]
  0x000002326e0bbd90 GCTaskThread "GC Thread#3" [stack: 0x00000083dd400000,0x00000083dd500000] [id=87092]
  0x000002326f013c50 GCTaskThread "GC Thread#4" [stack: 0x00000083dd500000,0x00000083dd600000] [id=66580]
  0x000002326f0359b0 GCTaskThread "GC Thread#5" [stack: 0x00000083dd600000,0x00000083dd700000] [id=78172]
  0x000002326f312950 GCTaskThread "GC Thread#6" [stack: 0x00000083dd900000,0x00000083dda00000] [id=84896]
  0x000002326f312e20 GCTaskThread "GC Thread#7" [stack: 0x00000083dda00000,0x00000083ddb00000] [id=87844]
  0x000002325efa1740 ConcurrentGCThread "G1 Main Marker" [stack: 0x00000083dc100000,0x00000083dc200000] [id=75688]
  0x000002325efa2070 ConcurrentGCThread "G1 Conc#0" [stack: 0x00000083dc200000,0x00000083dc300000] [id=75332]
  0x000002326f1b37b0 ConcurrentGCThread "G1 Conc#1" [stack: 0x00000083ddb00000,0x00000083ddc00000] [id=84836]
  0x000002325eff2880 ConcurrentGCThread "G1 Refine#0" [stack: 0x00000083dc300000,0x00000083dc400000] [id=81196]
  0x000002325eff31c0 ConcurrentGCThread "G1 Service" [stack: 0x00000083dc400000,0x00000083dc500000] [id=79300]

Threads with active compile tasks:

VM state: at safepoint (normal execution)

VM Mutex/Monitor currently owned by a thread:  ([mutex/lock_event])
[0x000002325ce87ac0] Threads_lock - owner thread: 0x0000023269d666f0
[0x000002325ce81980] Heap_lock - owner thread: 0x000002326f849430

Heap address: 0x00000000c0000000, size: 1024 MB, Compressed Oops mode: 32-bit

CDS archive(s) not mapped
Compressed class space mapped at: 0x0000000100000000-0x0000000140000000, reserved size: 1073741824
Narrow klass base: 0x0000000000000000, Narrow klass shift: 3, Narrow klass range: 0x140000000

GC Precious Log:
 CPUs: 8 total, 8 available
 Memory: 6020M
 Large Page Support: Disabled
 NUMA Support: Disabled
 Compressed Oops: Enabled (32-bit)
 Heap Region Size: 1M
 Heap Min Capacity: 8M
 Heap Initial Capacity: 96M
 Heap Max Capacity: 1G
 Pre-touch: Disabled
 Parallel Workers: 8
 Concurrent Workers: 2
 Concurrent Refinement Workers: 8
 Periodic GC: Disabled

Heap:
 garbage-first heap   total 102400K, used 40326K [0x00000000c0000000, 0x0000000100000000)
  region size 1024K, 1 young (1024K), 0 survivors (0K)
 Metaspace       used 61934K, committed 62464K, reserved 1114112K
  class space    used 7766K, committed 8000K, reserved 1048576K

Heap Regions: E=young(eden), S=young(survivor), O=old, HS=humongous(starts), HC=humongous(continues), CS=collection set, F=free, OA=open archive, CA=closed archive, TAMS=top-at-mark-start (previous, next)
|   0|0x00000000c0000000, 0x00000000c0100000, 0x00000000c0100000|100%|HS|  |TAMS 0x00000000c0100000, 0x00000000c0000000| Untracked 
|   1|0x00000000c0100000, 0x00000000c0200000, 0x00000000c0200000|100%|HC|  |TAMS 0x00000000c0200000, 0x00000000c0100000| Untracked 
|   2|0x00000000c0200000, 0x00000000c0300000, 0x00000000c0300000|100%|HC|  |TAMS 0x00000000c0300000, 0x00000000c0200000| Untracked 
|   3|0x00000000c0300000, 0x00000000c0400000, 0x00000000c0400000|100%|HC|  |TAMS 0x00000000c0400000, 0x00000000c0300000| Untracked 
|   4|0x00000000c0400000, 0x00000000c0500000, 0x00000000c0500000|100%|HS|  |TAMS 0x00000000c0500000, 0x00000000c0400000| Untracked 
|   5|0x00000000c0500000, 0x00000000c0600000, 0x00000000c0600000|100%|HC|  |TAMS 0x00000000c0600000, 0x00000000c0500000| Untracked 
|   6|0x00000000c0600000, 0x00000000c06fffe0, 0x00000000c0700000| 99%| O|  |TAMS 0x00000000c06fffe0, 0x00000000c0600000| Untracked 
|   7|0x00000000c0700000, 0x00000000c0800000, 0x00000000c0800000|100%| O|  |TAMS 0x00000000c0800000, 0x00000000c0700000| Untracked 
|   8|0x00000000c0800000, 0x00000000c0900000, 0x00000000c0900000|100%| O|  |TAMS 0x00000000c0900000, 0x00000000c0800000| Untracked 
|   9|0x00000000c0900000, 0x00000000c0a00000, 0x00000000c0a00000|100%| O|  |TAMS 0x00000000c0a00000, 0x00000000c0900000| Untracked 
|  10|0x00000000c0a00000, 0x00000000c0b00000, 0x00000000c0b00000|100%| O|  |TAMS 0x00000000c0b00000, 0x00000000c0a00000| Untracked 
|  11|0x00000000c0b00000, 0x00000000c0c00000, 0x00000000c0c00000|100%| O|  |TAMS 0x00000000c0c00000, 0x00000000c0b00000| Untracked 
|  12|0x00000000c0c00000, 0x00000000c0d00000, 0x00000000c0d00000|100%| O|  |TAMS 0x00000000c0d00000, 0x00000000c0c00000| Untracked 
|  13|0x00000000c0d00000, 0x00000000c0dfe798, 0x00000000c0e00000| 99%| O|  |TAMS 0x00000000c0dfe798, 0x00000000c0d00000| Untracked 
|  14|0x00000000c0e00000, 0x00000000c0f00000, 0x00000000c0f00000|100%| O|  |TAMS 0x00000000c0f00000, 0x00000000c0e00000| Untracked 
|  15|0x00000000c0f00000, 0x00000000c1000000, 0x00000000c1000000|100%| O|  |TAMS 0x00000000c1000000, 0x00000000c0f00000| Untracked 
|  16|0x00000000c1000000, 0x00000000c10ffc70, 0x00000000c1100000| 99%| O|  |TAMS 0x00000000c10ffc70, 0x00000000c1000000| Untracked 
|  17|0x00000000c1100000, 0x00000000c11ffff0, 0x00000000c1200000| 99%| O|  |TAMS 0x00000000c11ffff0, 0x00000000c1100000| Untracked 
|  18|0x00000000c1200000, 0x00000000c12fffd8, 0x00000000c1300000| 99%| O|  |TAMS 0x00000000c12fffd8, 0x00000000c1200000| Untracked 
|  19|0x00000000c1300000, 0x00000000c13fffe8, 0x00000000c1400000| 99%| O|  |TAMS 0x00000000c13fffe8, 0x00000000c1300000| Untracked 
|  20|0x00000000c1400000, 0x00000000c14fffd8, 0x00000000c1500000| 99%| O|  |TAMS 0x00000000c14fffd8, 0x00000000c1400000| Untracked 
|  21|0x00000000c1500000, 0x00000000c15fffd0, 0x00000000c1600000| 99%| O|  |TAMS 0x00000000c15fffd0, 0x00000000c1500000| Untracked 
|  22|0x00000000c1600000, 0x00000000c16fffa0, 0x00000000c1700000| 99%| O|  |TAMS 0x00000000c16fffa0, 0x00000000c1600000| Untracked 
|  23|0x00000000c1700000, 0x00000000c17fffe8, 0x00000000c1800000| 99%| O|  |TAMS 0x00000000c17fffe8, 0x00000000c1700000| Untracked 
|  24|0x00000000c1800000, 0x00000000c18ffff0, 0x00000000c1900000| 99%| O|  |TAMS 0x00000000c18ffff0, 0x00000000c1800000| Untracked 
|  25|0x00000000c1900000, 0x00000000c19fffe8, 0x00000000c1a00000| 99%| O|  |TAMS 0x00000000c19fffe8, 0x00000000c1900000| Untracked 
|  26|0x00000000c1a00000, 0x00000000c1affff0, 0x00000000c1b00000| 99%| O|  |TAMS 0x00000000c1affff0, 0x00000000c1a00000| Untracked 
|  27|0x00000000c1b00000, 0x00000000c1c00000, 0x00000000c1c00000|100%| O|  |TAMS 0x00000000c1c00000, 0x00000000c1b00000| Untracked 
|  28|0x00000000c1c00000, 0x00000000c1cffff8, 0x00000000c1d00000| 99%| O|  |TAMS 0x00000000c1cffff8, 0x00000000c1c00000| Untracked 
|  29|0x00000000c1d00000, 0x00000000c1e00000, 0x00000000c1e00000|100%| O|  |TAMS 0x00000000c1e00000, 0x00000000c1d00000| Untracked 
|  30|0x00000000c1e00000, 0x00000000c1efffe8, 0x00000000c1f00000| 99%| O|  |TAMS 0x00000000c1efffe8, 0x00000000c1e00000| Untracked 
|  31|0x00000000c1f00000, 0x00000000c1ffed30, 0x00000000c2000000| 99%| O|  |TAMS 0x00000000c1ffed30, 0x00000000c1f00000| Untracked 
|  32|0x00000000c2000000, 0x00000000c20fbda0, 0x00000000c2100000| 98%| O|  |TAMS 0x00000000c20fbda0, 0x00000000c2000000| Untracked 
|  33|0x00000000c2100000, 0x00000000c2200000, 0x00000000c2200000|100%| O|  |TAMS 0x00000000c2200000, 0x00000000c2100000| Untracked 
|  34|0x00000000c2200000, 0x00000000c22ffff8, 0x00000000c2300000| 99%| O|  |TAMS 0x00000000c22ffff8, 0x00000000c2200000| Untracked 
|  35|0x00000000c2300000, 0x00000000c2368c48, 0x00000000c2400000| 40%| O|  |TAMS 0x00000000c2300000, 0x00000000c2300000| Untracked 
|  36|0x00000000c2400000, 0x00000000c2400000, 0x00000000c2500000|  0%| F|  |TAMS 0x00000000c2400000, 0x00000000c2400000| Untracked 
|  37|0x00000000c2500000, 0x00000000c2500000, 0x00000000c2600000|  0%| F|  |TAMS 0x00000000c2500000, 0x00000000c2500000| Untracked 
|  38|0x00000000c2600000, 0x00000000c2600000, 0x00000000c2700000|  0%| F|  |TAMS 0x00000000c2600000, 0x00000000c2600000| Untracked 
|  39|0x00000000c2700000, 0x00000000c2800000, 0x00000000c2800000|100%|HS|  |TAMS 0x00000000c2800000, 0x00000000c2700000| Untracked 
|  40|0x00000000c2800000, 0x00000000c2800000, 0x00000000c2900000|  0%| F|  |TAMS 0x00000000c2800000, 0x00000000c2800000| Untracked 
|  41|0x00000000c2900000, 0x00000000c2900000, 0x00000000c2a00000|  0%| F|  |TAMS 0x00000000c2900000, 0x00000000c2900000| Untracked 
|  42|0x00000000c2a00000, 0x00000000c2a00000, 0x00000000c2b00000|  0%| F|  |TAMS 0x00000000c2a00000, 0x00000000c2a00000| Untracked 
|  43|0x00000000c2b00000, 0x00000000c2b00000, 0x00000000c2c00000|  0%| F|  |TAMS 0x00000000c2b00000, 0x00000000c2b00000| Untracked 
|  44|0x00000000c2c00000, 0x00000000c2c00000, 0x00000000c2d00000|  0%| F|  |TAMS 0x00000000c2c00000, 0x00000000c2c00000| Untracked 
|  45|0x00000000c2d00000, 0x00000000c2d00000, 0x00000000c2e00000|  0%| F|  |TAMS 0x00000000c2d00000, 0x00000000c2d00000| Untracked 
|  46|0x00000000c2e00000, 0x00000000c2e00000, 0x00000000c2f00000|  0%| F|  |TAMS 0x00000000c2e00000, 0x00000000c2e00000| Untracked 
|  47|0x00000000c2f00000, 0x00000000c2f00000, 0x00000000c3000000|  0%| F|  |TAMS 0x00000000c2f00000, 0x00000000c2f00000| Untracked 
|  48|0x00000000c3000000, 0x00000000c3000000, 0x00000000c3100000|  0%| F|  |TAMS 0x00000000c3000000, 0x00000000c3000000| Untracked 
|  49|0x00000000c3100000, 0x00000000c3100000, 0x00000000c3200000|  0%| F|  |TAMS 0x00000000c3100000, 0x00000000c3100000| Untracked 
|  50|0x00000000c3200000, 0x00000000c3200000, 0x00000000c3300000|  0%| F|  |TAMS 0x00000000c3200000, 0x00000000c3200000| Untracked 
|  51|0x00000000c3300000, 0x00000000c3300000, 0x00000000c3400000|  0%| F|  |TAMS 0x00000000c3300000, 0x00000000c3300000| Untracked 
|  52|0x00000000c3400000, 0x00000000c3400000, 0x00000000c3500000|  0%| F|  |TAMS 0x00000000c3400000, 0x00000000c3400000| Untracked 
|  53|0x00000000c3500000, 0x00000000c3500000, 0x00000000c3600000|  0%| F|  |TAMS 0x00000000c3500000, 0x00000000c3500000| Untracked 
|  54|0x00000000c3600000, 0x00000000c3600000, 0x00000000c3700000|  0%| F|  |TAMS 0x00000000c3600000, 0x00000000c3600000| Untracked 
|  55|0x00000000c3700000, 0x00000000c3700000, 0x00000000c3800000|  0%| F|  |TAMS 0x00000000c3700000, 0x00000000c3700000| Untracked 
|  56|0x00000000c3800000, 0x00000000c3800000, 0x00000000c3900000|  0%| F|  |TAMS 0x00000000c3800000, 0x00000000c3800000| Untracked 
|  57|0x00000000c3900000, 0x00000000c3900000, 0x00000000c3a00000|  0%| F|  |TAMS 0x00000000c3900000, 0x00000000c3900000| Untracked 
|  58|0x00000000c3a00000, 0x00000000c3a00000, 0x00000000c3b00000|  0%| F|  |TAMS 0x00000000c3a00000, 0x00000000c3a00000| Untracked 
|  59|0x00000000c3b00000, 0x00000000c3b00000, 0x00000000c3c00000|  0%| F|  |TAMS 0x00000000c3b00000, 0x00000000c3b00000| Untracked 
|  60|0x00000000c3c00000, 0x00000000c3c00000, 0x00000000c3d00000|  0%| F|  |TAMS 0x00000000c3c00000, 0x00000000c3c00000| Untracked 
|  61|0x00000000c3d00000, 0x00000000c3d00000, 0x00000000c3e00000|  0%| F|  |TAMS 0x00000000c3d00000, 0x00000000c3d00000| Untracked 
|  62|0x00000000c3e00000, 0x00000000c3e00000, 0x00000000c3f00000|  0%| F|  |TAMS 0x00000000c3e00000, 0x00000000c3e00000| Untracked 
|  63|0x00000000c3f00000, 0x00000000c3f00000, 0x00000000c4000000|  0%| F|  |TAMS 0x00000000c3f00000, 0x00000000c3f00000| Untracked 
|  64|0x00000000c4000000, 0x00000000c4000000, 0x00000000c4100000|  0%| F|  |TAMS 0x00000000c4000000, 0x00000000c4000000| Untracked 
|  65|0x00000000c4100000, 0x00000000c4100000, 0x00000000c4200000|  0%| F|  |TAMS 0x00000000c4100000, 0x00000000c4100000| Untracked 
|  66|0x00000000c4200000, 0x00000000c4200000, 0x00000000c4300000|  0%| F|  |TAMS 0x00000000c4200000, 0x00000000c4200000| Untracked 
|  67|0x00000000c4300000, 0x00000000c4300000, 0x00000000c4400000|  0%| F|  |TAMS 0x00000000c4300000, 0x00000000c4300000| Untracked 
|  68|0x00000000c4400000, 0x00000000c4400000, 0x00000000c4500000|  0%| F|  |TAMS 0x00000000c4400000, 0x00000000c4400000| Untracked 
|  69|0x00000000c4500000, 0x00000000c4500000, 0x00000000c4600000|  0%| F|  |TAMS 0x00000000c4500000, 0x00000000c4500000| Untracked 
|  70|0x00000000c4600000, 0x00000000c4600000, 0x00000000c4700000|  0%| F|  |TAMS 0x00000000c4600000, 0x00000000c4600000| Untracked 
|  71|0x00000000c4700000, 0x00000000c4700000, 0x00000000c4800000|  0%| F|  |TAMS 0x00000000c4700000, 0x00000000c4700000| Untracked 
|  72|0x00000000c4800000, 0x00000000c4800000, 0x00000000c4900000|  0%| F|  |TAMS 0x00000000c4800000, 0x00000000c4800000| Untracked 
|  73|0x00000000c4900000, 0x00000000c4900000, 0x00000000c4a00000|  0%| F|  |TAMS 0x00000000c4900000, 0x00000000c4900000| Untracked 
|  74|0x00000000c4a00000, 0x00000000c4a00000, 0x00000000c4b00000|  0%| F|  |TAMS 0x00000000c4a00000, 0x00000000c4a00000| Untracked 
|  75|0x00000000c4b00000, 0x00000000c4b00000, 0x00000000c4c00000|  0%| F|  |TAMS 0x00000000c4b00000, 0x00000000c4b00000| Untracked 
|  76|0x00000000c4c00000, 0x00000000c4c00000, 0x00000000c4d00000|  0%| F|  |TAMS 0x00000000c4c00000, 0x00000000c4c00000| Untracked 
|  77|0x00000000c4d00000, 0x00000000c4d00000, 0x00000000c4e00000|  0%| F|  |TAMS 0x00000000c4d00000, 0x00000000c4d00000| Untracked 
|  78|0x00000000c4e00000, 0x00000000c4e00000, 0x00000000c4f00000|  0%| F|  |TAMS 0x00000000c4e00000, 0x00000000c4e00000| Untracked 
|  79|0x00000000c4f00000, 0x00000000c4f00000, 0x00000000c5000000|  0%| F|  |TAMS 0x00000000c4f00000, 0x00000000c4f00000| Untracked 
|  80|0x00000000c5000000, 0x00000000c5000000, 0x00000000c5100000|  0%| F|  |TAMS 0x00000000c5000000, 0x00000000c5000000| Untracked 
|  81|0x00000000c5100000, 0x00000000c5100000, 0x00000000c5200000|  0%| F|  |TAMS 0x00000000c5100000, 0x00000000c5100000| Untracked 
|  82|0x00000000c5200000, 0x00000000c5200000, 0x00000000c5300000|  0%| F|  |TAMS 0x00000000c5200000, 0x00000000c5200000| Untracked 
|  83|0x00000000c5300000, 0x00000000c5300000, 0x00000000c5400000|  0%| F|  |TAMS 0x00000000c5300000, 0x00000000c5300000| Untracked 
|  84|0x00000000c5400000, 0x00000000c5400000, 0x00000000c5500000|  0%| F|  |TAMS 0x00000000c5400000, 0x00000000c5400000| Untracked 
|  85|0x00000000c5500000, 0x00000000c5500000, 0x00000000c5600000|  0%| F|  |TAMS 0x00000000c5500000, 0x00000000c5500000| Untracked 
|  86|0x00000000c5600000, 0x00000000c5600000, 0x00000000c5700000|  0%| F|  |TAMS 0x00000000c5600000, 0x00000000c5600000| Untracked 
|  87|0x00000000c5700000, 0x00000000c5700000, 0x00000000c5800000|  0%| F|  |TAMS 0x00000000c5700000, 0x00000000c5700000| Untracked 
|  88|0x00000000c5800000, 0x00000000c5800000, 0x00000000c5900000|  0%| F|  |TAMS 0x00000000c5800000, 0x00000000c5800000| Untracked 
|  89|0x00000000c5900000, 0x00000000c5900000, 0x00000000c5a00000|  0%| F|  |TAMS 0x00000000c5900000, 0x00000000c5900000| Untracked 
|  90|0x00000000c5a00000, 0x00000000c5a00000, 0x00000000c5b00000|  0%| F|  |TAMS 0x00000000c5a00000, 0x00000000c5a00000| Untracked 
|  91|0x00000000c5b00000, 0x00000000c5b00000, 0x00000000c5c00000|  0%| F|  |TAMS 0x00000000c5b00000, 0x00000000c5b00000| Untracked 
|  92|0x00000000c5c00000, 0x00000000c5c00000, 0x00000000c5d00000|  0%| F|  |TAMS 0x00000000c5c00000, 0x00000000c5c00000| Untracked 
|  93|0x00000000c5d00000, 0x00000000c5d00000, 0x00000000c5e00000|  0%| F|  |TAMS 0x00000000c5d00000, 0x00000000c5d00000| Untracked 
|  94|0x00000000c5e00000, 0x00000000c5f00000, 0x00000000c5f00000|100%| O|  |TAMS 0x00000000c5f00000, 0x00000000c5e00000| Untracked 
|  95|0x00000000c5f00000, 0x00000000c6000000, 0x00000000c6000000|100%| O|  |TAMS 0x00000000c6000000, 0x00000000c5f00000| Untracked 
|  96|0x00000000c6000000, 0x00000000c6100000, 0x00000000c6100000|100%| O|  |TAMS 0x00000000c6100000, 0x00000000c6000000| Untracked 
|  97|0x00000000c6100000, 0x00000000c6100000, 0x00000000c6200000|  0%| F|  |TAMS 0x00000000c6100000, 0x00000000c6100000| Untracked 
|  98|0x00000000c6200000, 0x00000000c6200000, 0x00000000c6300000|  0%| F|  |TAMS 0x00000000c6200000, 0x00000000c6200000| Untracked 
|  99|0x00000000c6300000, 0x00000000c63058a8, 0x00000000c6400000|  2%| E|  |TAMS 0x00000000c6300000, 0x00000000c6300000| Complete 

Card table byte_map: [0x0000023264ef0000,0x00000232650f0000] _byte_map_base: 0x00000232648f0000

Marking Bits (Prev, Next): (CMBitMap*) 0x000002325ef98e50, (CMBitMap*) 0x000002325ef98e10
 Prev Bits: [0x00000232662f0000, 0x00000232672f0000)
 Next Bits: [0x00000232652f0000, 0x00000232662f0000)

Polling page: 0x000002325e700000

Metaspace:

Usage:
  Non-class:     52.90 MB used.
      Class:      7.58 MB used.
       Both:     60.48 MB used.

Virtual space:
  Non-class space:       64.00 MB reserved,      53.19 MB ( 83%) committed,  1 nodes.
      Class space:        1.00 GB reserved,       7.81 MB ( <1%) committed,  1 nodes.
             Both:        1.06 GB reserved,      61.00 MB (  6%) committed. 

Chunk freelists:
   Non-Class:  10.19 MB
       Class:  8.21 MB
        Both:  18.40 MB

MaxMetaspaceSize: unlimited
CompressedClassSpaceSize: 1.00 GB
Initial GC threshold: 21.00 MB
Current GC threshold: 101.50 MB
CDS: off
MetaspaceReclaimPolicy: balanced
 - commit_granule_bytes: 65536.
 - commit_granule_words: 8192.
 - virtual_space_node_default_size: 8388608.
 - enlarge_chunks_in_place: 1.
 - new_chunks_are_fully_committed: 0.
 - uncommit_free_chunks: 1.
 - use_allocation_guard: 0.
 - handle_deallocations: 1.


Internal statistics:

num_allocs_failed_limit: 6.
num_arena_births: 1444.
num_arena_deaths: 882.
num_vsnodes_births: 2.
num_vsnodes_deaths: 0.
num_space_committed: 978.
num_space_uncommitted: 2.
num_chunks_returned_to_freelist: 1188.
num_chunks_taken_from_freelist: 3833.
num_chunk_merges: 392.
num_chunk_splits: 2222.
num_chunks_enlarged: 1480.
num_inconsistent_stats: 0.

CodeCache: size=49152Kb used=23460Kb max_used=23919Kb free=25691Kb
 bounds [0x0000023261be0000, 0x0000023263380000, 0x0000023264be0000]
 total_blobs=12412 nmethods=11734 adapters=603
 compilation: enabled
              stopped_count=0, restarted_count=0
 full_count=0

Compilation events (20 events):
Event: 54799.535 Thread 0x000002326e00fab0 11945   !   1       jdk.internal.reflect.GeneratedConstructorAccessor62::newInstance (49 bytes)
Event: 54799.549 Thread 0x000002326e00fab0 nmethod 11945 0x0000023261d3f610 code [0x0000023261d3f7c0, 0x0000023261d3fa28]
Event: 55506.498 Thread 0x000002326e00fab0 11946       1       org.eclipse.jdt.internal.compiler.lookup.Scope::findDirectMemberType (105 bytes)
Event: 55506.538 Thread 0x000002326e00fab0 nmethod 11946 0x0000023261d84b10 code [0x0000023261d84d80, 0x0000023261d855b8]
Event: 55531.531 Thread 0x000002326e00fab0 11947       1       org.eclipse.jdt.internal.compiler.parser.diagnose.DiagnoseParser::reportError (47 bytes)
Event: 55531.534 Thread 0x000002326e00fab0 nmethod 11947 0x0000023262375610 code [0x00000232623757c0, 0x00000232623758f8]
Event: 55531.534 Thread 0x000002326e00fab0 11948       1       org.eclipse.jdt.internal.compiler.parser.diagnose.LexStream::end (9 bytes)
Event: 55531.535 Thread 0x000002326e00fab0 nmethod 11948 0x0000023262642e90 code [0x0000023262643020, 0x0000023262643108]
Event: 55533.758 Thread 0x000002326e00fab0 11949       1       org.eclipse.jdt.core.dom.EmptyStatement::accept0 (12 bytes)
Event: 55533.760 Thread 0x000002326e00fab0 nmethod 11949 0x00000232626d9690 code [0x00000232626d9840, 0x00000232626d9978]
Event: 55533.760 Thread 0x000002326e00fab0 11950       1       org.eclipse.jdt.core.dom.ASTVisitor::endVisit (1 bytes)
Event: 55533.761 Thread 0x000002326e00fab0 nmethod 11950 0x0000023261e33010 code [0x0000023261e331a0, 0x0000023261e33258]
Event: 55593.530 Thread 0x000002326e00fab0 11951       1       org.eclipse.jdt.core.dom.ASTVisitor::visit (2 bytes)
Event: 55593.531 Thread 0x000002326e00fab0 nmethod 11951 0x0000023261e32d10 code [0x0000023261e32ea0, 0x0000023261e32f78]
Event: 55693.298 Thread 0x000002326e00fab0 11952       1       java.util.stream.Collectors$$Lambda$828/0x00000001003e7880::apply (9 bytes)
Event: 55693.304 Thread 0x000002326e00fab0 nmethod 11952 0x0000023261e7da90 code [0x0000023261e7dc20, 0x0000023261e7dd08]
Event: 55693.304 Thread 0x000002326e00fab0 11953       1       java.util.stream.Collectors::lambda$groupingBy$52 (7 bytes)
Event: 55693.304 Thread 0x000002326e00fab0 nmethod 11953 0x0000023261e7d790 code [0x0000023261e7d920, 0x0000023261e7d9e8]
Event: 90180.838 Thread 0x000002326e00fab0 11954       1       org.eclipse.jdt.internal.compiler.lookup.RawTypeBinding::createParameterizedMethod (33 bytes)
Event: 90180.871 Thread 0x000002326e00fab0 nmethod 11954 0x00000232631a2f10 code [0x00000232631a30c0, 0x00000232631a32b8]

GC Heap History (20 events):
Event: 92125.303 GC heap before
{Heap before GC invocations=3562 (full 3324):
 garbage-first heap   total 102400K, used 40326K [0x00000000c0000000, 0x0000000100000000)
  region size 1024K, 1 young (1024K), 0 survivors (0K)
 Metaspace       used 61934K, committed 62464K, reserved 1114112K
  class space    used 7766K, committed 8000K, reserved 1048576K
}
Event: 92125.390 GC heap after
{Heap after GC invocations=3563 (full 3325):
 garbage-first heap   total 102400K, used 40326K [0x00000000c0000000, 0x0000000100000000)
  region size 1024K, 0 young (0K), 0 survivors (0K)
 Metaspace       used 61934K, committed 62464K, reserved 1114112K
  class space    used 7766K, committed 8000K, reserved 1048576K
}
Event: 92136.519 GC heap before
{Heap before GC invocations=3563 (full 3325):
 garbage-first heap   total 102400K, used 40326K [0x00000000c0000000, 0x0000000100000000)
  region size 1024K, 1 young (1024K), 0 survivors (0K)
 Metaspace       used 61934K, committed 62464K, reserved 1114112K
  class space    used 7766K, committed 8000K, reserved 1048576K
}
Event: 92136.605 GC heap after
{Heap after GC invocations=3564 (full 3326):
 garbage-first heap   total 102400K, used 40326K [0x00000000c0000000, 0x0000000100000000)
  region size 1024K, 0 young (0K), 0 survivors (0K)
 Metaspace       used 61934K, committed 62464K, reserved 1114112K
  class space    used 7766K, committed 8000K, reserved 1048576K
}
Event: 92149.460 GC heap before
{Heap before GC invocations=3564 (full 3326):
 garbage-first heap   total 102400K, used 40326K [0x00000000c0000000, 0x0000000100000000)
  region size 1024K, 1 young (1024K), 0 survivors (0K)
 Metaspace       used 61934K, committed 62464K, reserved 1114112K
  class space    used 7766K, committed 8000K, reserved 1048576K
}
Event: 92149.549 GC heap after
{Heap after GC invocations=3565 (full 3327):
 garbage-first heap   total 102400K, used 40326K [0x00000000c0000000, 0x0000000100000000)
  region size 1024K, 0 young (0K), 0 survivors (0K)
 Metaspace       used 61934K, committed 62464K, reserved 1114112K
  class space    used 7766K, committed 8000K, reserved 1048576K
}
Event: 92160.682 GC heap before
{Heap before GC invocations=3565 (full 3327):
 garbage-first heap   total 102400K, used 40326K [0x00000000c0000000, 0x0000000100000000)
  region size 1024K, 1 young (1024K), 0 survivors (0K)
 Metaspace       used 61934K, committed 62464K, reserved 1114112K
  class space    used 7766K, committed 8000K, reserved 1048576K
}
Event: 92160.764 GC heap after
{Heap after GC invocations=3566 (full 3328):
 garbage-first heap   total 102400K, used 40326K [0x00000000c0000000, 0x0000000100000000)
  region size 1024K, 0 young (0K), 0 survivors (0K)
 Metaspace       used 61934K, committed 62464K, reserved 1114112K
  class space    used 7766K, committed 8000K, reserved 1048576K
}
Event: 92171.404 GC heap before
{Heap before GC invocations=3566 (full 3328):
 garbage-first heap   total 102400K, used 40326K [0x00000000c0000000, 0x0000000100000000)
  region size 1024K, 1 young (1024K), 0 survivors (0K)
 Metaspace       used 61934K, committed 62464K, reserved 1114112K
  class space    used 7766K, committed 8000K, reserved 1048576K
}
Event: 92171.454 GC heap after
{Heap after GC invocations=3567 (full 3329):
 garbage-first heap   total 102400K, used 40326K [0x00000000c0000000, 0x0000000100000000)
  region size 1024K, 0 young (0K), 0 survivors (0K)
 Metaspace       used 61934K, committed 62464K, reserved 1114112K
  class space    used 7766K, committed 8000K, reserved 1048576K
}
Event: 92182.180 GC heap before
{Heap before GC invocations=3567 (full 3329):
 garbage-first heap   total 102400K, used 40326K [0x00000000c0000000, 0x0000000100000000)
  region size 1024K, 1 young (1024K), 0 survivors (0K)
 Metaspace       used 61934K, committed 62464K, reserved 1114112K
  class space    used 7766K, committed 8000K, reserved 1048576K
}
Event: 92182.281 GC heap after
{Heap after GC invocations=3568 (full 3330):
 garbage-first heap   total 102400K, used 40326K [0x00000000c0000000, 0x0000000100000000)
  region size 1024K, 0 young (0K), 0 survivors (0K)
 Metaspace       used 61934K, committed 62464K, reserved 1114112K
  class space    used 7766K, committed 8000K, reserved 1048576K
}
Event: 92192.989 GC heap before
{Heap before GC invocations=3568 (full 3330):
 garbage-first heap   total 102400K, used 40326K [0x00000000c0000000, 0x0000000100000000)
  region size 1024K, 1 young (1024K), 0 survivors (0K)
 Metaspace       used 61934K, committed 62464K, reserved 1114112K
  class space    used 7766K, committed 8000K, reserved 1048576K
}
Event: 92193.048 GC heap after
{Heap after GC invocations=3569 (full 3331):
 garbage-first heap   total 102400K, used 40326K [0x00000000c0000000, 0x0000000100000000)
  region size 1024K, 0 young (0K), 0 survivors (0K)
 Metaspace       used 61934K, committed 62464K, reserved 1114112K
  class space    used 7766K, committed 8000K, reserved 1048576K
}
Event: 92203.909 GC heap before
{Heap before GC invocations=3569 (full 3331):
 garbage-first heap   total 102400K, used 40326K [0x00000000c0000000, 0x0000000100000000)
  region size 1024K, 1 young (1024K), 0 survivors (0K)
 Metaspace       used 61934K, committed 62464K, reserved 1114112K
  class space    used 7766K, committed 8000K, reserved 1048576K
}
Event: 92203.975 GC heap after
{Heap after GC invocations=3570 (full 3332):
 garbage-first heap   total 102400K, used 40326K [0x00000000c0000000, 0x0000000100000000)
  region size 1024K, 0 young (0K), 0 survivors (0K)
 Metaspace       used 61934K, committed 62464K, reserved 1114112K
  class space    used 7766K, committed 8000K, reserved 1048576K
}
Event: 92214.934 GC heap before
{Heap before GC invocations=3570 (full 3332):
 garbage-first heap   total 102400K, used 40326K [0x00000000c0000000, 0x0000000100000000)
  region size 1024K, 1 young (1024K), 0 survivors (0K)
 Metaspace       used 61934K, committed 62464K, reserved 1114112K
  class space    used 7766K, committed 8000K, reserved 1048576K
}
Event: 92215.025 GC heap after
{Heap after GC invocations=3571 (full 3333):
 garbage-first heap   total 102400K, used 40326K [0x00000000c0000000, 0x0000000100000000)
  region size 1024K, 0 young (0K), 0 survivors (0K)
 Metaspace       used 61934K, committed 62464K, reserved 1114112K
  class space    used 7766K, committed 8000K, reserved 1048576K
}
Event: 92228.016 GC heap before
{Heap before GC invocations=3571 (full 3333):
 garbage-first heap   total 102400K, used 40326K [0x00000000c0000000, 0x0000000100000000)
  region size 1024K, 1 young (1024K), 0 survivors (0K)
 Metaspace       used 61934K, committed 62464K, reserved 1114112K
  class space    used 7766K, committed 8000K, reserved 1048576K
}
Event: 92228.141 GC heap after
{Heap after GC invocations=3572 (full 3334):
 garbage-first heap   total 102400K, used 40326K [0x00000000c0000000, 0x0000000100000000)
  region size 1024K, 0 young (0K), 0 survivors (0K)
 Metaspace       used 61934K, committed 62464K, reserved 1114112K
  class space    used 7766K, committed 8000K, reserved 1048576K
}

Dll operation events (10 events):
Event: 0.022 Loaded shared library c:\Users\tasha\.vscode\extensions\redhat.java-1.28.1-win32-x64\jre\17.0.10-win32-x86_64\bin\java.dll
Event: 0.938 Loaded shared library C:\Users\tasha\.vscode\extensions\redhat.java-1.28.1-win32-x64\jre\17.0.10-win32-x86_64\bin\net.dll
Event: 0.942 Loaded shared library C:\Users\tasha\.vscode\extensions\redhat.java-1.28.1-win32-x64\jre\17.0.10-win32-x86_64\bin\nio.dll
Event: 1.466 Loaded shared library C:\Users\tasha\.vscode\extensions\redhat.java-1.28.1-win32-x64\jre\17.0.10-win32-x86_64\bin\zip.dll
Event: 16.631 Loaded shared library C:\Users\tasha\.vscode\extensions\redhat.java-1.28.1-win32-x64\jre\17.0.10-win32-x86_64\bin\jimage.dll
Event: 19.444 Loaded shared library c:\Users\tasha\.vscode\extensions\redhat.java-1.28.1-win32-x64\jre\17.0.10-win32-x86_64\bin\verify.dll
Event: 25.196 Loaded shared library C:\Users\tasha\.vscode\extensions\redhat.java-1.28.1-win32-x64\jre\17.0.10-win32-x86_64\bin\management.dll
Event: 25.205 Loaded shared library C:\Users\tasha\.vscode\extensions\redhat.java-1.28.1-win32-x64\jre\17.0.10-win32-x86_64\bin\management_ext.dll
Event: 26.785 Loaded shared library C:\Users\tasha\.vscode\extensions\redhat.java-1.28.1-win32-x64\jre\17.0.10-win32-x86_64\bin\sunmscapi.dll
Event: 27.125 Loaded shared library C:\Users\tasha\.vscode\extensions\redhat.java-1.28.1-win32-x64\jre\17.0.10-win32-x86_64\bin\extnet.dll

Deoptimization events (20 events):
Event: 2606.877 Thread 0x000002326f7d75b0 DEOPT PACKING pc=0x00000232623cc08c sp=0x00000083de6fe4b0
Event: 2606.878 Thread 0x000002326f7d75b0 DEOPT UNPACKING pc=0x0000023261c37143 sp=0x00000083de6fda18 mode 0
Event: 2606.879 Thread 0x000002326f7d75b0 DEOPT PACKING pc=0x0000023262449fcc sp=0x00000083de6fe5e0
Event: 2606.879 Thread 0x000002326f7d75b0 DEOPT UNPACKING pc=0x0000023261c37143 sp=0x00000083de6fdac0 mode 0
Event: 2606.879 Thread 0x000002326f7d75b0 DEOPT PACKING pc=0x00000232623cc08c sp=0x00000083de6fe710
Event: 2606.879 Thread 0x000002326f7d75b0 DEOPT UNPACKING pc=0x0000023261c37143 sp=0x00000083de6fdc78 mode 0
Event: 2606.879 Thread 0x000002326f7d75b0 DEOPT PACKING pc=0x0000023262449fcc sp=0x00000083de6fe840
Event: 2606.879 Thread 0x000002326f7d75b0 DEOPT UNPACKING pc=0x0000023261c37143 sp=0x00000083de6fdd38 mode 0
Event: 2606.886 Thread 0x000002326f7d75b0 DEOPT PACKING pc=0x00000232623cc08c sp=0x00000083de6febb0
Event: 2606.886 Thread 0x000002326f7d75b0 DEOPT UNPACKING pc=0x0000023261c37143 sp=0x00000083de6fe118 mode 0
Event: 2606.886 Thread 0x000002326f7d75b0 DEOPT PACKING pc=0x0000023262449fcc sp=0x00000083de6fece0
Event: 2606.886 Thread 0x000002326f7d75b0 DEOPT UNPACKING pc=0x0000023261c37143 sp=0x00000083de6fe1d8 mode 0
Event: 3167.254 Thread 0x000002327042ed50 DEOPT PACKING pc=0x00000232627fc434 sp=0x00000083de0fe4b0
Event: 3167.254 Thread 0x000002327042ed50 DEOPT UNPACKING pc=0x0000023261c37143 sp=0x00000083de0fd9f8 mode 0
Event: 32697.393 Thread 0x00000232704315d0 DEOPT PACKING pc=0x0000023262044e26 sp=0x00000083dd8fd610
Event: 32697.394 Thread 0x00000232704315d0 DEOPT UNPACKING pc=0x0000023261c37143 sp=0x00000083dd8fcb98 mode 0
Event: 36742.005 Thread 0x000002327042ed50 DEOPT PACKING pc=0x0000023262c269d4 sp=0x00000083de2fd610
Event: 36742.006 Thread 0x000002327042ed50 DEOPT UNPACKING pc=0x0000023261c37143 sp=0x00000083de2fcb48 mode 0
Event: 36742.008 Thread 0x000002327042ed50 DEOPT PACKING pc=0x0000023262c28f7c sp=0x00000083de2fd750
Event: 36742.008 Thread 0x000002327042ed50 DEOPT UNPACKING pc=0x0000023261c37143 sp=0x00000083de2fccf8 mode 0

Classes unloaded (20 events):
Event: 53576.834 Thread 0x0000023269d666f0 Unloading class 0x0000000100794800 'jdk/internal/reflect/GeneratedConstructorAccessor213'
Event: 53576.834 Thread 0x0000023269d666f0 Unloading class 0x00000001007a4800 'jdk/internal/reflect/GeneratedConstructorAccessor212'
Event: 53576.834 Thread 0x0000023269d666f0 Unloading class 0x00000001007bac00 'jdk/internal/reflect/GeneratedConstructorAccessor211'
Event: 54113.619 Thread 0x0000023269d666f0 Unloading class 0x00000001007ca000 'jdk/internal/reflect/GeneratedMethodAccessor104'
Event: 54113.619 Thread 0x0000023269d666f0 Unloading class 0x00000001007cbc00 'jdk/internal/reflect/GeneratedConstructorAccessor219'
Event: 54113.619 Thread 0x0000023269d666f0 Unloading class 0x00000001007cb800 'jdk/internal/reflect/GeneratedMethodAccessor103'
Event: 54113.619 Thread 0x0000023269d666f0 Unloading class 0x00000001007bac00 'jdk/internal/reflect/GeneratedConstructorAccessor218'
Event: 54113.620 Thread 0x0000023269d666f0 Unloading class 0x00000001007a4800 'jdk/internal/reflect/GeneratedMethodAccessor102'
Event: 54113.620 Thread 0x0000023269d666f0 Unloading class 0x0000000100794800 'jdk/internal/reflect/GeneratedMethodAccessor101'
Event: 54113.620 Thread 0x0000023269d666f0 Unloading class 0x0000000100799c00 'jdk/internal/reflect/GeneratedMethodAccessor100'
Event: 54113.620 Thread 0x0000023269d666f0 Unloading class 0x00000001007cb400 'jdk/internal/reflect/GeneratedConstructorAccessor217'
Event: 54598.547 Thread 0x0000023269d666f0 Unloading class 0x00000001007bac00 'jdk/internal/reflect/GeneratedConstructorAccessor220'
Event: 55575.073 Thread 0x0000023269d666f0 Unloading class 0x00000001007bac00 'jdk/internal/reflect/GeneratedConstructorAccessor221'
Event: 63777.444 Thread 0x0000023269d666f0 Unloading class 0x00000001007ca000 'jdk/internal/reflect/GeneratedMethodAccessor109'
Event: 63777.445 Thread 0x0000023269d666f0 Unloading class 0x00000001007cbc00 'jdk/internal/reflect/GeneratedConstructorAccessor223'
Event: 63777.445 Thread 0x0000023269d666f0 Unloading class 0x00000001007cb800 'jdk/internal/reflect/GeneratedMethodAccessor108'
Event: 63777.445 Thread 0x0000023269d666f0 Unloading class 0x00000001007cb400 'jdk/internal/reflect/GeneratedConstructorAccessor222'
Event: 63777.445 Thread 0x0000023269d666f0 Unloading class 0x0000000100799c00 'jdk/internal/reflect/GeneratedMethodAccessor107'
Event: 63777.445 Thread 0x0000023269d666f0 Unloading class 0x0000000100794800 'jdk/internal/reflect/GeneratedMethodAccessor106'
Event: 63777.446 Thread 0x0000023269d666f0 Unloading class 0x00000001007a4800 'jdk/internal/reflect/GeneratedMethodAccessor105'

Classes redefined (0 events):
No events

Internal exceptions (20 events):
Event: 55599.780 Thread 0x000002327042b5a0 Exception <a 'java/lang/ClassCastException'{0x00000000c5bd5000}> (0x00000000c5bd5000) 
thrown [s\src\hotspot\share\runtime\sharedRuntime.cpp, line 631]
Event: 55599.784 Thread 0x000002327042b5a0 Exception <a 'java/lang/ClassCastException'{0x00000000c5a277e0}> (0x00000000c5a277e0) 
thrown [s\src\hotspot\share\runtime\sharedRuntime.cpp, line 631]
Event: 55618.840 Thread 0x000002327042b5a0 Exception <a 'java/lang/ClassCastException'{0x00000000c52c17c0}> (0x00000000c52c17c0) 
thrown [s\src\hotspot\share\runtime\sharedRuntime.cpp, line 631]
Event: 55618.844 Thread 0x000002327042b5a0 Exception <a 'java/lang/ClassCastException'{0x00000000c5114040}> (0x00000000c5114040) 
thrown [s\src\hotspot\share\runtime\sharedRuntime.cpp, line 631]
Event: 55621.523 Thread 0x000002327042b5a0 Exception <a 'java/lang/ClassCastException'{0x00000000c434bfc0}> (0x00000000c434bfc0) 
thrown [s\src\hotspot\share\runtime\sharedRuntime.cpp, line 631]
Event: 55621.528 Thread 0x000002327042b5a0 Exception <a 'java/lang/ClassCastException'{0x00000000c439e798}> (0x00000000c439e798) 
thrown [s\src\hotspot\share\runtime\sharedRuntime.cpp, line 631]
Event: 55625.290 Thread 0x000002327042b5a0 Exception <a 'java/lang/ClassCastException'{0x00000000c5ea7c40}> (0x00000000c5ea7c40) 
thrown [s\src\hotspot\share\runtime\sharedRuntime.cpp, line 631]
Event: 55625.295 Thread 0x000002327042b5a0 Exception <a 'java/lang/ClassCastException'{0x00000000c5efabe8}> (0x00000000c5efabe8) 
thrown [s\src\hotspot\share\runtime\sharedRuntime.cpp, line 631]
Event: 55675.636 Thread 0x000002327042b5a0 Exception <a 'java/lang/ClassCastException'{0x00000000c4f27b38}> (0x00000000c4f27b38) 
thrown [s\src\hotspot\share\runtime\sharedRuntime.cpp, line 631]
Event: 55675.639 Thread 0x000002327042b5a0 Exception <a 'java/lang/ClassCastException'{0x00000000c4f7a320}> (0x00000000c4f7a320) 
thrown [s\src\hotspot\share\runtime\sharedRuntime.cpp, line 631]
Event: 55682.581 Thread 0x000002327042b5a0 Exception <a 'java/lang/ClassCastException'{0x00000000c3f0b880}> (0x00000000c3f0b880) 
thrown [s\src\hotspot\share\runtime\sharedRuntime.cpp, line 631]
Event: 55682.583 Thread 0x000002327042b5a0 Exception <a 'java/lang/ClassCastException'{0x00000000c3f5e008}> (0x00000000c3f5e008) 
thrown [s\src\hotspot\share\runtime\sharedRuntime.cpp, line 631]
Event: 55688.089 Thread 0x000002327042b5a0 Exception <a 'java/lang/ClassCastException'{0x00000000c591c248}> (0x00000000c591c248) 
thrown [s\src\hotspot\share\runtime\sharedRuntime.cpp, line 631]
Event: 55688.093 Thread 0x000002327042b5a0 Exception <a 'java/lang/ClassCastException'{0x00000000c596e9a8}> (0x00000000c596e9a8) 
thrown [s\src\hotspot\share\runtime\sharedRuntime.cpp, line 631]
Event: 55693.373 Thread 0x000002326f7d75b0 Exception <a 'java/lang/ClassCastException'{0x00000000c420f3d8}> (0x00000000c420f3d8) 
thrown [s\src\hotspot\share\runtime\sharedRuntime.cpp, line 631]
Event: 55693.379 Thread 0x000002326f7d75b0 Exception <a 'java/lang/ClassCastException'{0x00000000c4263c58}> (0x00000000c4263c58) 
thrown [s\src\hotspot\share\runtime\sharedRuntime.cpp, line 631]
Event: 55696.762 Thread 0x000002327042b5a0 Exception <a 'java/lang/ClassCastException'{0x00000000c4f69038}> (0x00000000c4f69038) 
thrown [s\src\hotspot\share\runtime\sharedRuntime.cpp, line 631]
Event: 55696.775 Thread 0x000002327042b5a0 Exception <a 'java/lang/ClassCastException'{0x00000000c4fbb7c8}> (0x00000000c4fbb7c8) 
thrown [s\src\hotspot\share\runtime\sharedRuntime.cpp, line 631]
Event: 90180.770 Thread 0x000002327042f770 Exception <a 'java/lang/ClassCastException'{0x00000000c5cd5820}> (0x00000000c5cd5820) 
thrown [s\src\hotspot\share\runtime\sharedRuntime.cpp, line 631]
Event: 90180.818 Thread 0x000002327042f770 Exception <a 'java/lang/ClassCastException'{0x00000000c5b378d0}> (0x00000000c5b378d0) 
thrown [s\src\hotspot\share\runtime\sharedRuntime.cpp, line 631]

VM Operations (20 events):
Event: 92125.391 Executing VM operation: G1CollectFull done
Event: 92136.511 Executing VM operation: G1CollectFull
Event: 92136.606 Executing VM operation: G1CollectFull done
Event: 92149.460 Executing VM operation: G1CollectFull
Event: 92149.549 Executing VM operation: G1CollectFull done
Event: 92160.682 Executing VM operation: G1CollectFull
Event: 92160.765 Executing VM operation: G1CollectFull done
Event: 92171.404 Executing VM operation: G1CollectFull
Event: 92171.454 Executing VM operation: G1CollectFull done
Event: 92182.180 Executing VM operation: G1CollectFull
Event: 92182.282 Executing VM operation: G1CollectFull done
Event: 92192.989 Executing VM operation: G1CollectFull
Event: 92193.048 Executing VM operation: G1CollectFull done
Event: 92203.908 Executing VM operation: G1CollectFull
Event: 92203.975 Executing VM operation: G1CollectFull done
Event: 92214.934 Executing VM operation: G1CollectFull
Event: 92215.025 Executing VM operation: G1CollectFull done
Event: 92228.015 Executing VM operation: G1CollectFull
Event: 92228.141 Executing VM operation: G1CollectFull done
Event: 92238.395 Executing VM operation: G1CollectFull

Events (20 events):
Event: 55474.076 Thread 0x000002327042e330 Thread exited: 0x000002327042e330
Event: 55475.298 Thread 0x000002327042e330 Thread added: 0x000002327042e330
Event: 55493.178 Thread 0x00000232704315d0 Thread added: 0x00000232704315d0
Event: 55496.509 Thread 0x0000023270431ae0 Thread exited: 0x0000023270431ae0
Event: 55531.658 Thread 0x000002327042b5a0 Thread added: 0x000002327042b5a0
Event: 55591.724 Thread 0x000002327042b5a0 Thread exited: 0x000002327042b5a0
Event: 55593.663 Thread 0x00000232704315d0 Thread exited: 0x00000232704315d0
Event: 55593.663 Thread 0x000002327042e330 Thread exited: 0x000002327042e330
Event: 55599.735 Thread 0x000002327042b5a0 Thread added: 0x000002327042b5a0
Event: 55620.647 Thread 0x000002327042e840 Thread added: 0x000002327042e840
Event: 55693.874 Thread 0x00000232704306a0 Thread added: 0x00000232704306a0
Event: 63787.477 Thread 0x000002327042e840 Thread exited: 0x000002327042e840
Event: 63798.766 Thread 0x00000232704306a0 Thread exited: 0x00000232704306a0
Event: 63800.509 Thread 0x000002327042f770 Thread exited: 0x000002327042f770
Event: 63801.680 Thread 0x000002327042b5a0 Thread exited: 0x000002327042b5a0
Event: 63801.696 Thread 0x000002327042c4d0 Thread exited: 0x000002327042c4d0
Event: 90179.490 Thread 0x000002327042e840 Thread added: 0x000002327042e840
Event: 90179.876 Thread 0x000002327042f770 Thread added: 0x000002327042f770
Event: 90240.900 Thread 0x000002327042e840 Thread exited: 0x000002327042e840
Event: 90240.901 Thread 0x000002327042f770 Thread exited: 0x000002327042f770


Dynamic libraries:
0x00007ff7466d0000 - 0x00007ff7466de000 	c:\Users\tasha\.vscode\extensions\redhat.java-1.28.1-win32-x64\jre\17.0.10-win32-x86_64\bin\java.exe
0x00007ffad31f0000 - 0x00007ffad3406000 	C:\WINDOWS\SYSTEM32\ntdll.dll
0x00007ffad10f0000 - 0x00007ffad11b4000 	C:\WINDOWS\System32\KERNEL32.DLL
0x00007ffad0540000 - 0x00007ffad08e7000 	C:\WINDOWS\System32\KERNELBASE.dll
0x00007ffad0c70000 - 0x00007ffad0d81000 	C:\WINDOWS\System32\ucrtbase.dll
0x00007ffab3760000 - 0x00007ffab3777000 	c:\Users\tasha\.vscode\extensions\redhat.java-1.28.1-win32-x64\jre\17.0.10-win32-x86_64\bin\jli.dll
0x00007ffad1ab0000 - 0x00007ffad1c5e000 	C:\WINDOWS\System32\USER32.dll
0x00007ffad0510000 - 0x00007ffad0536000 	C:\WINDOWS\System32\win32u.dll
0x00007ffad10b0000 - 0x00007ffad10d9000 	C:\WINDOWS\System32\GDI32.dll
0x00007ffad0b50000 - 0x00007ffad0c69000 	C:\WINDOWS\System32\gdi32full.dll
0x00007ffad0d90000 - 0x00007ffad0e2a000 	C:\WINDOWS\System32\msvcp_win.dll
0x00007ffa9e3b0000 - 0x00007ffa9e3cb000 	c:\Users\tasha\.vscode\extensions\redhat.java-1.28.1-win32-x64\jre\17.0.10-win32-x86_64\bin\VCRUNTIME140.dll
0x00007ffab48a0000 - 0x00007ffab4b33000 	C:\WINDOWS\WinSxS\amd64_microsoft.windows.common-controls_6595b64144ccf1df_6.0.22621.3235_none_270f74e173860f98\COMCTL32.dll
0x00007ffad1000000 - 0x00007ffad10a7000 	C:\WINDOWS\System32\msvcrt.dll
0x00007ffad3160000 - 0x00007ffad3191000 	C:\WINDOWS\System32\IMM32.DLL
0x00007ffabf430000 - 0x00007ffabf43c000 	c:\Users\tasha\.vscode\extensions\redhat.java-1.28.1-win32-x64\jre\17.0.10-win32-x86_64\bin\vcruntime140_1.dll
0x00007ffa5cea0000 - 0x00007ffa5cf2d000 	c:\Users\tasha\.vscode\extensions\redhat.java-1.28.1-win32-x64\jre\17.0.10-win32-x86_64\bin\msvcp140.dll
0x00007ffa25b40000 - 0x00007ffa267a2000 	c:\Users\tasha\.vscode\extensions\redhat.java-1.28.1-win32-x64\jre\17.0.10-win32-x86_64\bin\server\jvm.dll
0x00007ffad12e0000 - 0x00007ffad1392000 	C:\WINDOWS\System32\ADVAPI32.dll
0x00007ffad1980000 - 0x00007ffad1a28000 	C:\WINDOWS\System32\sechost.dll
0x00007ffad0e30000 - 0x00007ffad0e58000 	C:\WINDOWS\System32\bcrypt.dll
0x00007ffad11c0000 - 0x00007ffad12d5000 	C:\WINDOWS\System32\RPCRT4.dll
0x00007ffacfe40000 - 0x00007ffacfe8d000 	C:\WINDOWS\SYSTEM32\POWRPROF.dll
0x00007ffaa7de0000 - 0x00007ffaa7de9000 	C:\WINDOWS\SYSTEM32\WSOCK32.dll
0x00007ffad1cc0000 - 0x00007ffad1d31000 	C:\WINDOWS\System32\WS2_32.dll
0x00007ffac9b00000 - 0x00007ffac9b34000 	C:\WINDOWS\SYSTEM32\WINMM.dll
0x00007ffaca0a0000 - 0x00007ffaca0aa000 	C:\WINDOWS\SYSTEM32\VERSION.dll
0x00007ffacfdc0000 - 0x00007ffacfdd3000 	C:\WINDOWS\SYSTEM32\UMPDC.dll
0x00007ffacf560000 - 0x00007ffacf578000 	C:\WINDOWS\SYSTEM32\kernel.appcore.dll
0x00007ffaa2db0000 - 0x00007ffaa2dba000 	c:\Users\tasha\.vscode\extensions\redhat.java-1.28.1-win32-x64\jre\17.0.10-win32-x86_64\bin\jimage.dll
0x00007ffac1c20000 - 0x00007ffac1e53000 	C:\WINDOWS\SYSTEM32\DBGHELP.DLL
0x00007ffad2b70000 - 0x00007ffad2ef8000 	C:\WINDOWS\System32\combase.dll
0x00007ffad0f20000 - 0x00007ffad0ff7000 	C:\WINDOWS\System32\OLEAUT32.dll
0x00007ffac1810000 - 0x00007ffac1842000 	C:\WINDOWS\SYSTEM32\dbgcore.DLL
0x00007ffad0ad0000 - 0x00007ffad0b49000 	C:\WINDOWS\System32\bcryptPrimitives.dll
0x00007ffa72630000 - 0x00007ffa72655000 	c:\Users\tasha\.vscode\extensions\redhat.java-1.28.1-win32-x64\jre\17.0.10-win32-x86_64\bin\java.dll
0x00007ffa82730000 - 0x00007ffa82748000 	c:\Users\tasha\.vscode\extensions\redhat.java-1.28.1-win32-x64\jre\17.0.10-win32-x86_64\bin\zip.dll
0x00007ffad1f80000 - 0x00007ffad27dc000 	C:\WINDOWS\System32\SHELL32.dll
0x00007fface490000 - 0x00007ffaced89000 	C:\WINDOWS\SYSTEM32\windows.storage.dll
0x00007fface350000 - 0x00007fface48e000 	C:\WINDOWS\SYSTEM32\wintypes.dll
0x00007ffad1e80000 - 0x00007ffad1f73000 	C:\WINDOWS\System32\SHCORE.dll
0x00007ffad1c60000 - 0x00007ffad1cbe000 	C:\WINDOWS\System32\shlwapi.dll
0x00007ffad0440000 - 0x00007ffad0461000 	C:\WINDOWS\SYSTEM32\profapi.dll
0x00007ffa73900000 - 0x00007ffa73919000 	C:\Users\tasha\.vscode\extensions\redhat.java-1.28.1-win32-x64\jre\17.0.10-win32-x86_64\bin\net.dll
0x00007ffac9ed0000 - 0x00007ffaca006000 	C:\WINDOWS\SYSTEM32\WINHTTP.dll
0x00007ffacf9d0000 - 0x00007ffacfa39000 	C:\WINDOWS\system32\mswsock.dll
0x00007ffa6eeb0000 - 0x00007ffa6eec6000 	C:\Users\tasha\.vscode\extensions\redhat.java-1.28.1-win32-x64\jre\17.0.10-win32-x86_64\bin\nio.dll
0x00007ffa9f910000 - 0x00007ffa9f920000 	c:\Users\tasha\.vscode\extensions\redhat.java-1.28.1-win32-x64\jre\17.0.10-win32-x86_64\bin\verify.dll
0x00007ffacfc90000 - 0x00007ffacfcab000 	C:\WINDOWS\SYSTEM32\CRYPTSP.dll
0x00007ffacf4c0000 - 0x00007ffacf4f5000 	C:\WINDOWS\system32\rsaenh.dll
0x00007ffacfac0000 - 0x00007ffacfae8000 	C:\WINDOWS\SYSTEM32\USERENV.dll
0x00007ffacfcb0000 - 0x00007ffacfcbc000 	C:\WINDOWS\SYSTEM32\CRYPTBASE.dll
0x00007ffaceff0000 - 0x00007ffacf01d000 	C:\WINDOWS\SYSTEM32\IPHLPAPI.DLL
0x00007ffad2990000 - 0x00007ffad2999000 	C:\WINDOWS\System32\NSI.dll
0x00007ffac9ae0000 - 0x00007ffac9af9000 	C:\WINDOWS\SYSTEM32\dhcpcsvc6.DLL
0x00007ffac9ac0000 - 0x00007ffac9adf000 	C:\WINDOWS\SYSTEM32\dhcpcsvc.DLL
0x00007ffacf060000 - 0x00007ffacf159000 	C:\WINDOWS\SYSTEM32\DNSAPI.dll
0x00007ffabc9e0000 - 0x00007ffabc9e9000 	C:\Users\tasha\.vscode\extensions\redhat.java-1.28.1-win32-x64\jre\17.0.10-win32-x86_64\bin\management.dll
0x00007ffabc9d0000 - 0x00007ffabc9db000 	C:\Users\tasha\.vscode\extensions\redhat.java-1.28.1-win32-x64\jre\17.0.10-win32-x86_64\bin\management_ext.dll
0x00007ffad10e0000 - 0x00007ffad10e8000 	C:\WINDOWS\System32\PSAPI.DLL
0x00007ffac7f10000 - 0x00007ffac7f1e000 	C:\Users\tasha\.vscode\extensions\redhat.java-1.28.1-win32-x64\jre\17.0.10-win32-x86_64\bin\sunmscapi.dll
0x00007ffad0960000 - 0x00007ffad0ac6000 	C:\WINDOWS\System32\CRYPT32.dll
0x00007ffacfed0000 - 0x00007ffacfefe000 	C:\WINDOWS\SYSTEM32\ncrypt.dll
0x00007ffacfe90000 - 0x00007ffacfec7000 	C:\WINDOWS\SYSTEM32\NTASN1.dll
0x00007ffac2c50000 - 0x00007ffac2c5a000 	C:\Windows\System32\rasadhlp.dll
0x00007ffac8f70000 - 0x00007ffac8ff3000 	C:\WINDOWS\System32\fwpuclnt.dll
0x00007ffac1690000 - 0x00007ffac1699000 	C:\Users\tasha\.vscode\extensions\redhat.java-1.28.1-win32-x64\jre\17.0.10-win32-x86_64\bin\extnet.dll

dbghelp: loaded successfully - version: 4.0.5 - missing functions: none
symbol engine: initialized successfully - sym options: 0x614 - pdb path: .;c:\Users\tasha\.vscode\extensions\redhat.java-1.28.1-win32-x64\jre\17.0.10-win32-x86_64\bin;C:\WINDOWS\SYSTEM32;C:\WINDOWS\WinSxS\amd64_microsoft.windows.common-controls_6595b64144ccf1df_6.0.22621.3235_none_270f74e173860f98;c:\Users\tasha\.vscode\extensions\redhat.java-1.28.1-win32-x64\jre\17.0.10-win32-x86_64\bin\server

VM Arguments:
jvm_args: -XX:+HeapDumpOnOutOfMemoryError -Xmx1024m -Dsts.lsp.client=vscode -Dsts.log.file=/dev/null -XX:TieredStopAtLevel=1 -Xlog:jni+resolve=off -Dspring.config.location=file:c:\Users\tasha\.vscode\extensions\vmware.vscode-spring-boot-1.53.0\language-server\BOOT-INF\classes\application.properties 
java_command: org.springframework.ide.vscode.boot.app.BootLanguageServerBootApp
java_class_path (initial): c:\Users\tasha\.vscode\extensions\vmware.vscode-spring-boot-1.53.0\language-server\BOOT-INF\classes;c:\Users\tasha\.vscode\extensions\vmware.vscode-spring-boot-1.53.0\language-server\BOOT-INF\lib\annotations-24.1.0.jar;c:\Users\tasha\.vscode\extensions\vmware.vscode-spring-boot-1.53.0\language-server\BOOT-INF\lib\antlr4-runtime-4.11.1.jar;c:\Users\tasha\.vscode\extensions\vmware.vscode-spring-boot-1.53.0\language-server\BOOT-INF\lib\asm-9.6.jar;c:\Users\tasha\.vscode\extensions\vmware.vscode-spring-boot-1.53.0\language-server\BOOT-INF\lib\asm-analysis-9.6.jar;c:\Users\tasha\.vscode\extensions\vmware.vscode-spring-boot-1.53.0\language-server\BOOT-INF\lib\asm-tree-9.6.jar;c:\Users\tasha\.vscode\extensions\vmware.vscode-spring-boot-1.53.0\language-server\BOOT-INF\lib\asm-util-9.6.jar;c:\Users\tasha\.vscode\extensions\vmware.vscode-spring-boot-1.53.0\language-server\BOOT-INF\lib\caffeine-3.1.8.jar;c:\Users\tasha\.vscode\extensions\vmware.vscode-spring-boot-1.53.0\language-server\BOOT-INF\lib\checker-qual-3.12.0.jar;c:\Users\tasha\.vscode\extensions\vmware.vscode-spring-boot-1.53.0\language-server\BOOT-INF\lib\classgraph-4.8.149.jar;c:\Users\tasha\.vscode\extensions\vmware.vscode-spring-boot-1.53.0\language-server\BOOT-INF\lib\commons-codec-1.16.1.jar;c:\Users\tasha\.vscode\extensions\vmware.vscode-spring-boot-1.53.0\language-server\BOOT-INF\lib\commons-compress-1.26.0.jar;c:\Users\tasha\.vscode\extensions\vmware.vscode-spring-boot-1.53.0\language-server\BOOT-INF\lib\commons-io-2.4.jar;c:\Users\tasha\.vscode\extensions\vmware.vscode-spring-boot-1.53.0\language-server\BOOT-INF\lib\commons-java-1.53.0-SNAPSHOT.jar;c:\Users\tasha\.vscode\extensions\vmware.vscode-spring-boot-1.53.0\language-server\BOOT-INF\lib\commons-lang3-3.13.0.jar;c:\Users\tasha\.vscode\extensions\vmware.vscode-spring-boot-1.53.0\language-server\BOOT-INF\lib\commons-language-server-1.53.0-SNAPSHOT.jar;c:\Users\tasha\.vscode\extensions\vmware.vscode-spring-boot-1.53.0\language
Launcher Type: SUN_STANDARD

[Global flags]
     intx CICompilerCount                          = 4                                         {product} {ergonomic}
     uint ConcGCThreads                            = 2                                         {product} {ergonomic}
     uint G1ConcRefinementThreads                  = 8                                         {product} {ergonomic}
   size_t G1HeapRegionSize                         = 1048576                                   {product} {ergonomic}
    uintx GCDrainStackTargetSize                   = 64                                        {product} {ergonomic}
     bool HeapDumpOnOutOfMemoryError               = true                                   {manageable} {command line}
   size_t InitialHeapSize                          = 100663296                                 {product} {ergonomic}
   size_t MarkStackSize                            = 4194304                                   {product} {ergonomic}
   size_t MaxHeapSize                              = 1073741824                                {product} {command line}
   size_t MaxNewSize                               = 643825664                                 {product} {ergonomic}
   size_t MinHeapDeltaBytes                        = 1048576                                   {product} {ergonomic}
   size_t MinHeapSize                              = 8388608                                   {product} {ergonomic}
    uintx NonProfiledCodeHeapSize                  = 0                                      {pd product} {ergonomic}
     bool ProfileInterpreter                       = false                                  {pd product} {command line}
    uintx ProfiledCodeHeapSize                     = 0                                      {pd product} {ergonomic}
   size_t SoftMaxHeapSize                          = 1073741824                             {manageable} {ergonomic}
     intx TieredStopAtLevel                        = 1                                         {product} {command line}
     bool UseCompressedClassPointers               = true                           {product lp64_product} {ergonomic}
     bool UseCompressedOops                        = true                           {product lp64_product} {ergonomic}
     bool UseG1GC                                  = true                                      {product} {ergonomic}
     bool UseLargePagesIndividualAllocation        = false                                  {pd product} {ergonomic}

Logging:
Log output configuration:
 #0: stdout all=warning,jni+resolve=off uptime,level,tags
 #1: stderr all=off uptime,level,tags

Environment Variables:
JAVA_HOME=C:\Program Files\Java\jdk-17
PATH=C:\Program Files\Common Files\Oracle\Java\javapath;C:\Program Files (x86)\Common Files\Oracle\Java\javapath;C:\ProgramData\Oracle\Java\javapath;C:\WINDOWS\system32;C:\WINDOWS;C:\WINDOWS\System32\Wbem;C:\WINDOWS\System32\WindowsPowerShell\v1.0\;C:\WINDOWS\System32\OpenSSH\;C:\Program Files\PixPlant2Photoshop\x64;C:\Program Files\PixPlant2Photoshop;C:\Program Files\Azure Data Studio\bin;C:\Program Files\Microsoft SQL Server\Client SDK\ODBC\170\Tools\Binn\;C:\Program Files (x86)\Microsoft SQL Server\150\Tools\Binn\;C:\Program Files\Microsoft SQL Server\150\Tools\Binn\;C:\Program Files\Microsoft SQL Server\150\DTS\Binn\;C:\Program Files (x86)\Microsoft SQL Server\160\Tools\Binn\;C:\Program Files\Microsoft SQL Server\160\Tools\Binn\;C:\Program Files\Microsoft SQL Server\160\DTS\Binn\;C:\Program Files (x86)\Microsoft SQL Server\160\DTS\Binn\;C:\Program Files\Git\cmd;C:\Dev\nodejs\;C:\Program Files\Java\jdk-17\bin;C:\ProgramData\Oracle\Java\javapath;C:\WINDOWS\system32;C:\WINDOWS;C:\WINDOWS\System32\Wbem;C:\WINDOWS\System32\WindowsPowerShell\v1.0\;C:\WINDOWS\System32\OpenSSH\;C:\Program Files\PixPlant2Photoshop\x64;C:\Program Files\PixPlant2Photoshop;C:\Program Files\Azure Data Studio\bin;C:\Program Files\Microsoft SQL Server\Client SDK\ODBC\170\Tools\Binn\;C:\Program Files (x86)\Microsoft SQL Server\150\Tools\Binn\;C:\Program Files\Microsoft SQL Server\150\Tools\Binn\;C:\Program Files\Microsoft SQL Server\150\DTS\Binn\;C:\Program Files\Git\cmd;C:\Program Files (x86)\Microsoft SQL Server\160\Tools\Binn\;C:\Program Files\Microsoft SQL Server\160\Tools\Binn\;C:\Program Files\Microsoft SQL Server\160\DTS\Binn\;C:\Program Files (x86)\Microsoft SQL Server\160\DTS\Binn\;C:\Users\tasha\AppData\Local\Programs\Python\Python310\Scripts\;C:\Users\tasha\AppData\Local\Programs\Python\Python310\;C:\Users\tasha\AppData\Local\Microsoft\WindowsApps;;C:\Program Files\Azure Data Studio\bin;C:\Program Files\JetBrains\IntelliJ IDEA Communi;C:\Users\tasha\AppData\Local\Programs\Microsoft VS C
USERNAME=Admin
OS=Windows_NT
PROCESSOR_IDENTIFIER=AMD64 Family 23 Model 24 Stepping 1, AuthenticAMD
TMP=C:\Users\tasha\AppData\Local\Temp
TEMP=C:\Users\tasha\AppData\Local\Temp



Periodic native trim disabled


---------------  S Y S T E M  ---------------

OS:
 Windows 11 , 64 bit Build 22621 (10.0.22621.3374)
OS uptime: 7 days 9:32 hours

CPU: total 8 (initial active 8) (8 cores per cpu, 2 threads per core) family 23 model 24 stepping 1 microcode 0x0, cx8, cmov, fxsr, ht, mmx, 3dnowpref, sse, sse2, sse3, ssse3, sse4a, sse4.1, sse4.2, popcnt, lzcnt, tsc, tscinvbit, avx, avx2, aes, clmul, bmi1, bmi2, adx, sha, fma, vzeroupper, clflush, clflushopt
Processor Information for all 8 processors :
  Max Mhz: 2100, Current Mhz: 2100, Mhz Limit: 2100

Memory: 4k page, system-wide physical 6020M (84M free)
TotalPageFile size 24452M (AvailPageFile size 1M)
current process WorkingSet (physical memory assigned to process): 44M, peak: 232M
current process commit charge ("private bytes"): 285M, peak: 460M

vm_info: OpenJDK 64-Bit Server VM (17.0.10+7) for windows-amd64 JRE (17.0.10+7), built on Jan 16 2024 23:25:11 by "admin" with MS VC++ 16.10 / 16.11 (VS2019)

END.
